<?xml version="1.0" encoding="UTF-8"?>
<!-- Generated by org.testng.reporters.JUnitXMLReporter -->
<testsuite ignored="0" hostname="VINYA" failures="0" tests="5" name="RegressionTest" time="42.268" errors="0" timestamp="2022-11-08T17:53:05 IST">
  <testcase classname="TestNG_basics.Workingon_Login_TestNG" name="Register_tc" time="9.83"/>
  <testcase classname="TestNG_basics.Workingon_TesTng_Testcase" name="Register_tc" time="7.978"/>
  <testcase classname="TestNG_basics.workingon_Search_TestNG" name="search_tc" time="7.441"/>
  <testcase classname="TestNG_basics.Workingon_Search_Advanced" name="advanced_search" time="9.281"/>
  <testcase classname="TestNG_basics.Workingon_Computer_Accessories" name="Computer" time="7.602"/>
</testsuite> <!-- RegressionTest -->
